<?xml version="1.0" encoding="UTF-8"?>
<testsuite xmlns:xsi="http://www.w3.org/2001/XMLSchema-instance" xsi:noNamespaceSchemaLocation="https://maven.apache.org/surefire/maven-surefire-plugin/xsd/surefire-test-report.xsd" name="com.openclassrooms.testing.calcul.domain.StatisticsCalculatorTest" time="0.032" tests="2" errors="0" skipped="0" failures="0">
  <properties>
[...]
</properties>
  <testcase name="average_shouldSample_allIntegersProvided" classname="com.openclassrooms.testing.calcul.domain.StatisticsCalculatorTest" time="0.029"/>
  <testcase name="average_shouldReturnTheMean_ofAListOfIntegers" classname="com.openclassrooms.testing.calcul.domain.StatisticsCalculatorTest" time="0.001"/>
</testsuite>